<?xml version="1.0" encoding="UTF-8"?>
<testsuite xmlns:xsi="http://www.w3.org/2001/XMLSchema-instance" xsi:noNamespaceSchemaLocation="https://maven.apache.org/surefire/maven-surefire-plugin/xsd/surefire-test-report.xsd" name="org.tektutor.TestRunner" time="0.668" tests="13" errors="0" skipped="0" failures="0">
  <properties>
    <property name="awt.toolkit" value="sun.awt.X11.XToolkit"/>
    <property name="file.encoding.pkg" value="sun.io"/>
    <property name="java.specification.version" value="1.8"/>
    <property name="sun.cpu.isalist" value=""/>
    <property name="sun.jnu.encoding" value="UTF-8"/>
    <property name="java.class.path" value="/root/Training/Day2/RPNCalculatorTestApp/target/test-classes:/root/Training/Day2/RPNCalculatorTestApp/target/classes:/root/.m2/repository/io/cucumber/cucumber-java/4.2.0/cucumber-java-4.2.0.jar:/root/.m2/repository/io/cucumber/cucumber-core/4.2.0/cucumber-core-4.2.0.jar:/root/.m2/repository/io/cucumber/cucumber-html/0.2.7/cucumber-html-0.2.7.jar:/root/.m2/repository/io/cucumber/gherkin/5.1.0/gherkin-5.1.0.jar:/root/.m2/repository/io/cucumber/tag-expressions/1.1.1/tag-expressions-1.1.1.jar:/root/.m2/repository/io/cucumber/cucumber-expressions/6.2.0/cucumber-expressions-6.2.0.jar:/root/.m2/repository/io/cucumber/datatable/1.1.7/datatable-1.1.7.jar:/root/.m2/repository/io/cucumber/datatable-dependencies/1.1.7/datatable-dependencies-1.1.7.jar:/root/.m2/repository/io/cucumber/cucumber-junit/4.2.0/cucumber-junit-4.2.0.jar:/root/.m2/repository/junit/junit/4.12/junit-4.12.jar:/root/.m2/repository/org/hamcrest/hamcrest-core/1.3/hamcrest-core-1.3.jar:"/>
    <property name="java.vm.vendor" value="Oracle Corporation"/>
    <property name="sun.arch.data.model" value="64"/>
    <property name="java.vendor.url" value="http://java.oracle.com/"/>
    <property name="user.timezone" value=""/>
    <property name="java.vm.specification.version" value="1.8"/>
    <property name="os.name" value="Linux"/>
    <property name="user.country" value="US"/>
    <property name="sun.java.launcher" value="SUN_STANDARD"/>
    <property name="sun.boot.library.path" value="/usr/lib/jvm/java-8-openjdk-amd64/jre/lib/amd64"/>
    <property name="sun.java.command" value="/root/Training/Day2/RPNCalculatorTestApp/target/surefire/surefirebooter8211904667614416124.jar /root/Training/Day2/RPNCalculatorTestApp/target/surefire 2018-11-27T01-32-44_488-jvmRun1 surefire6828775656373244923tmp surefire_01288857216850141357tmp"/>
    <property name="surefire.test.class.path" value="/root/Training/Day2/RPNCalculatorTestApp/target/test-classes:/root/Training/Day2/RPNCalculatorTestApp/target/classes:/root/.m2/repository/io/cucumber/cucumber-java/4.2.0/cucumber-java-4.2.0.jar:/root/.m2/repository/io/cucumber/cucumber-core/4.2.0/cucumber-core-4.2.0.jar:/root/.m2/repository/io/cucumber/cucumber-html/0.2.7/cucumber-html-0.2.7.jar:/root/.m2/repository/io/cucumber/gherkin/5.1.0/gherkin-5.1.0.jar:/root/.m2/repository/io/cucumber/tag-expressions/1.1.1/tag-expressions-1.1.1.jar:/root/.m2/repository/io/cucumber/cucumber-expressions/6.2.0/cucumber-expressions-6.2.0.jar:/root/.m2/repository/io/cucumber/datatable/1.1.7/datatable-1.1.7.jar:/root/.m2/repository/io/cucumber/datatable-dependencies/1.1.7/datatable-dependencies-1.1.7.jar:/root/.m2/repository/io/cucumber/cucumber-junit/4.2.0/cucumber-junit-4.2.0.jar:/root/.m2/repository/junit/junit/4.12/junit-4.12.jar:/root/.m2/repository/org/hamcrest/hamcrest-core/1.3/hamcrest-core-1.3.jar:"/>
    <property name="sun.cpu.endian" value="little"/>
    <property name="user.home" value="/root"/>
    <property name="user.language" value="en"/>
    <property name="java.specification.vendor" value="Oracle Corporation"/>
    <property name="java.home" value="/usr/lib/jvm/java-8-openjdk-amd64/jre"/>
    <property name="basedir" value="/root/Training/Day2/RPNCalculatorTestApp"/>
    <property name="file.separator" value="/"/>
    <property name="line.separator" value="&#10;"/>
    <property name="java.vm.specification.vendor" value="Oracle Corporation"/>
    <property name="java.specification.name" value="Java Platform API Specification"/>
    <property name="java.awt.graphicsenv" value="sun.awt.X11GraphicsEnvironment"/>
    <property name="surefire.real.class.path" value="/root/Training/Day2/RPNCalculatorTestApp/target/surefire/surefirebooter8211904667614416124.jar"/>
    <property name="sun.boot.class.path" value="/usr/lib/jvm/java-8-openjdk-amd64/jre/lib/resources.jar:/usr/lib/jvm/java-8-openjdk-amd64/jre/lib/rt.jar:/usr/lib/jvm/java-8-openjdk-amd64/jre/lib/sunrsasign.jar:/usr/lib/jvm/java-8-openjdk-amd64/jre/lib/jsse.jar:/usr/lib/jvm/java-8-openjdk-amd64/jre/lib/jce.jar:/usr/lib/jvm/java-8-openjdk-amd64/jre/lib/charsets.jar:/usr/lib/jvm/java-8-openjdk-amd64/jre/lib/jfr.jar:/usr/lib/jvm/java-8-openjdk-amd64/jre/classes"/>
    <property name="sun.management.compiler" value="HotSpot 64-Bit Tiered Compilers"/>
    <property name="java.runtime.version" value="1.8.0_181-8u181-b13-1ubuntu0.16.04.1-b13"/>
    <property name="user.name" value="root"/>
    <property name="path.separator" value=":"/>
    <property name="os.version" value="4.10.0-28-generic"/>
    <property name="java.endorsed.dirs" value="/usr/lib/jvm/java-8-openjdk-amd64/jre/lib/endorsed"/>
    <property name="java.runtime.name" value="OpenJDK Runtime Environment"/>
    <property name="file.encoding" value="UTF-8"/>
    <property name="java.vm.name" value="OpenJDK 64-Bit Server VM"/>
    <property name="localRepository" value="/root/.m2/repository"/>
    <property name="java.vendor.url.bug" value="http://bugreport.sun.com/bugreport/"/>
    <property name="java.io.tmpdir" value="/tmp"/>
    <property name="java.version" value="1.8.0_181"/>
    <property name="user.dir" value="/root/Training/Day2/RPNCalculatorTestApp"/>
    <property name="os.arch" value="amd64"/>
    <property name="java.vm.specification.name" value="Java Virtual Machine Specification"/>
    <property name="java.awt.printerjob" value="sun.print.PSPrinterJob"/>
    <property name="sun.os.patch.level" value="unknown"/>
    <property name="java.library.path" value="/usr/java/packages/lib/amd64:/usr/lib/x86_64-linux-gnu/jni:/lib/x86_64-linux-gnu:/usr/lib/x86_64-linux-gnu:/usr/lib/jni:/lib:/usr/lib"/>
    <property name="java.vm.info" value="mixed mode"/>
    <property name="java.vendor" value="Oracle Corporation"/>
    <property name="java.vm.version" value="25.181-b13"/>
    <property name="java.ext.dirs" value="/usr/lib/jvm/java-8-openjdk-amd64/jre/lib/ext:/usr/java/packages/lib/ext"/>
    <property name="sun.io.unicode.encoding" value="UnicodeLittle"/>
    <property name="java.class.version" value="52.0"/>
  </properties>
  <testcase name="Should be able to perform addition" classname="Develop a RPNCalculator application in Core Java." time="0.186"/>
  <testcase name="Should be able to perform addition" classname="Develop a RPNCalculator application in Core Java." time="0.026"/>
  <testcase name="Should be able to perform addition" classname="Develop a RPNCalculator application in Core Java." time="0.022"/>
  <testcase name="Should be able to perform subtraction" classname="Develop a RPNCalculator application in Core Java." time="0.022"/>
  <testcase name="Should be able to perform subtraction" classname="Develop a RPNCalculator application in Core Java." time="0.021"/>
  <testcase name="Should be able to perform subtraction" classname="Develop a RPNCalculator application in Core Java." time="0.02"/>
  <testcase name="Should be able to perform multiplication" classname="Develop a RPNCalculator application in Core Java." time="0.031"/>
  <testcase name="Should be able to perform multiplication" classname="Develop a RPNCalculator application in Core Java." time="0.025"/>
  <testcase name="Should be able to perform multiplication" classname="Develop a RPNCalculator application in Core Java." time="0.02"/>
  <testcase name="Should be able to perform division" classname="Develop a RPNCalculator application in Core Java." time="0.025"/>
  <testcase name="Should be able to perform division" classname="Develop a RPNCalculator application in Core Java." time="0.018"/>
  <testcase name="Should be able to perform division" classname="Develop a RPNCalculator application in Core Java." time="0.018"/>
  <testcase name="Should be able to compute complex rpn math expression" classname="Develop a RPNCalculator application in Core Java." time="0.022"/>
</testsuite>